{
  "RSpec": {
    "coverage": {
      "/home/james/code/Jimreed91/spray_day/app/models/user.rb": {
        "lines": [
          1,
          null,
          null,
          1,
          null,
          null,
          1,
          1,
          null
        ]
      },
      "/home/james/code/Jimreed91/spray_day/app/models/application_record.rb": {
        "lines": [
          1,
          1,
          null
        ]
      },
      "/home/james/code/Jimreed91/spray_day/app/helpers/application_helper.rb": {
        "lines": [
          1,
          null
        ]
      },
      "/home/james/code/Jimreed91/spray_day/app/helpers/pages_helper.rb": {
        "lines": [
          1,
          null
        ]
      },
      "/home/james/code/Jimreed91/spray_day/app/models/crop.rb": {
        "lines": [
          1,
          1,
          1,
          null
        ]
      },
      "/home/james/code/Jimreed91/spray_day/app/models/farm.rb": {
        "lines": [
          1,
          1,
          1,
          null
        ]
      },
      "/home/james/code/Jimreed91/spray_day/app/controllers/application_controller.rb": {
        "lines": [
          null,
          1,
          1,
          null
        ]
      },
      "/home/james/code/Jimreed91/spray_day/app/controllers/pages_controller.rb": {
        "lines": [
          1,
          1,
          null,
          null
        ]
      },
      "/home/james/code/Jimreed91/spray_day/app/channels/application_cable/channel.rb": {
        "lines": [
          0,
          0,
          0,
          0
        ],
        "branches": {
        }
      },
      "/home/james/code/Jimreed91/spray_day/app/channels/application_cable/connection.rb": {
        "lines": [
          0,
          0,
          0,
          0
        ],
        "branches": {
        }
      },
      "/home/james/code/Jimreed91/spray_day/app/controllers/crops_controller.rb": {
        "lines": [
          0,
          0,
          0,
          null,
          0,
          0,
          null,
          0,
          0,
          null,
          0,
          0,
          null,
          0,
          0,
          null,
          0,
          0,
          0
        ],
        "branches": {
        }
      },
      "/home/james/code/Jimreed91/spray_day/app/jobs/application_job.rb": {
        "lines": [
          0,
          null,
          null,
          null,
          null,
          null,
          0
        ],
        "branches": {
        }
      },
      "/home/james/code/Jimreed91/spray_day/app/mailers/application_mailer.rb": {
        "lines": [
          0,
          0,
          0,
          0
        ],
        "branches": {
        }
      }
    },
    "timestamp": 1656940646
  }
}
